<?xml version="1.0" encoding="UTF-8"?>
<testsuite xmlns:xsi="http://www.w3.org/2001/XMLSchema-instance" xsi:noNamespaceSchemaLocation="https://maven.apache.org/surefire/maven-surefire-plugin/xsd/surefire-test-report.xsd" name="lu.snt.tests.SocratesParsingTest" time="0.027" tests="1" errors="0" skipped="0" failures="0">
  <properties>
    <property name="awt.toolkit" value="sun.lwawt.macosx.LWCToolkit"/>
    <property name="java.specification.version" value="11"/>
    <property name="sun.cpu.isalist" value=""/>
    <property name="sun.jnu.encoding" value="UTF-8"/>
    <property name="osgi.nl" value="en_LU"/>
    <property name="osgi.syspath" value="/Users/claudio.menghi/.m2/repository/p2/osgi/bundle/org.eclipse.osgi/3.13.200.v20181130-2106"/>
    <property name="sun.arch.data.model" value="64"/>
    <property name="equinox.init.uuid" value="true"/>
    <property name="ds.delayed.keepInstances.default" value="true"/>
    <property name="java.vendor.url" value="http://java.oracle.com/"/>
    <property name="org.osgi.framework.system.capabilities" value="osgi.ee; osgi.ee=&quot;OSGi/Minimum&quot;; version:List&lt;Version&gt;=&quot;1.0, 1.1, 1.2&quot;, osgi.ee; osgi.ee=&quot;JRE&quot;; version:List&lt;Version&gt;=&quot;1.0, 1.1&quot;, osgi.ee; osgi.ee=&quot;JavaSE&quot;; version:List&lt;Version&gt;=&quot;1.0, 1.1, 1.2, 1.3, 1.4, 1.5, 1.6, 1.7, 1.8, 9.0, 10.0, 11.0&quot;,osgi.ee; osgi.ee=&quot;JavaSE/compact1&quot;; version:List&lt;Version&gt;=&quot;1.8, 9.0, 10.0, 11.0&quot;,osgi.ee; osgi.ee=&quot;JavaSE/compact2&quot;; version:List&lt;Version&gt;=&quot;1.8, 9.0, 10.0, 11.0&quot;,osgi.ee; osgi.ee=&quot;JavaSE/compact3&quot;; version:List&lt;Version&gt;=&quot;1.8, 9.0, 10.0, 11.0&quot;"/>
    <property name="sun.boot.library.path" value="/Library/Java/JavaVirtualMachines/jdk-11.0.2.jdk/Contents/Home/lib"/>
    <property name="sun.java.command" value="/Users/claudio.menghi/.m2/repository/p2/osgi/bundle/org.eclipse.equinox.launcher/1.5.200.v20180922-1751/org.eclipse.equinox.launcher-1.5.200.v20180922-1751.jar -data /Users/claudio.menghi/Documents/School/University/Associate/software/SOCRaTEs/lu.snt.socrates.tests/target/work/data -install /Users/claudio.menghi/Documents/School/University/Associate/software/SOCRaTEs/lu.snt.socrates.tests/target/work -configuration /Users/claudio.menghi/Documents/School/University/Associate/software/SOCRaTEs/lu.snt.socrates.tests/target/work/configuration -application org.eclipse.tycho.surefire.osgibooter.headlesstest -testproperties /Users/claudio.menghi/Documents/School/University/Associate/software/SOCRaTEs/lu.snt.socrates.tests/target/surefire.properties"/>
    <property name="jdk.debug" value="release"/>
    <property name="org.osgi.supports.framework.requirebundle" value="true"/>
    <property name="osgi.arch" value="x86_64"/>
    <property name="java.specification.vendor" value="Oracle Corporation"/>
    <property name="org.osgi.framework.language" value="en"/>
    <property name="org.osgi.framework.system.packages" value="com.sun.jarsigner, com.sun.java.accessibility.util, com.sun.javadoc, com.sun.jdi, com.sun.jdi.connect, com.sun.jdi.connect.spi, com.sun.jdi.event, com.sun.jdi.request, com.sun.management, com.sun.net.httpserver, com.sun.net.httpserver.spi, com.sun.nio.file, com.sun.nio.sctp, com.sun.security.auth, com.sun.security.auth.callback, com.sun.security.auth.login, com.sun.security.auth.module, com.sun.security.jgss, com.sun.source.doctree, com.sun.source.tree, com.sun.source.util, com.sun.tools.attach, com.sun.tools.attach.spi, com.sun.tools.javac, com.sun.tools.javadoc, com.sun.tools.jconsole, java.applet, java.awt, java.awt.color, java.awt.datatransfer, java.awt.desktop, java.awt.dnd, java.awt.event, java.awt.font, java.awt.geom, java.awt.im, java.awt.im.spi, java.awt.image, java.awt.image.renderable, java.awt.print, java.beans, java.beans.beancontext, java.io, java.lang, java.lang.annotation, java.lang.instrument, java.lang.invoke, java.lang.management, java.lang.module, java.lang.ref, java.lang.reflect, java.math, java.net, java.net.http, java.net.spi, java.nio, java.nio.channels, java.nio.channels.spi, java.nio.charset, java.nio.charset.spi, java.nio.file, java.nio.file.attribute, java.nio.file.spi, java.rmi, java.rmi.activation, java.rmi.dgc, java.rmi.registry, java.rmi.server, java.security, java.security.acl, java.security.cert, java.security.interfaces, java.security.spec, java.sql, java.text, java.text.spi, java.time, java.time.chrono, java.time.format, java.time.temporal, java.time.zone, java.util, java.util.concurrent, java.util.concurrent.atomic, java.util.concurrent.locks, java.util.function, java.util.jar, java.util.logging, java.util.prefs, java.util.regex, java.util.spi, java.util.stream, java.util.zip, javax.accessibility, javax.annotation.processing, javax.crypto, javax.crypto.interfaces, javax.crypto.spec, javax.imageio, javax.imageio.event, javax.imageio.metadata, javax.imageio.plugins.bmp, javax.imageio.plugins.jpeg, javax.imageio.plugins.tiff, javax.imageio.spi, javax.imageio.stream, javax.lang.model, javax.lang.model.element, javax.lang.model.type, javax.lang.model.util, javax.management, javax.management.loading, javax.management.modelmbean, javax.management.monitor, javax.management.openmbean, javax.management.relation, javax.management.remote, javax.management.remote.rmi, javax.management.timer, javax.naming, javax.naming.directory, javax.naming.event, javax.naming.ldap, javax.naming.spi, javax.net, javax.net.ssl, javax.print, javax.print.attribute, javax.print.attribute.standard, javax.print.event, javax.rmi.ssl, javax.script, javax.security.auth, javax.security.auth.callback, javax.security.auth.kerberos, javax.security.auth.login, javax.security.auth.spi, javax.security.auth.x500, javax.security.cert, javax.security.sasl, javax.smartcardio, javax.sound.midi, javax.sound.midi.spi, javax.sound.sampled, javax.sound.sampled.spi, javax.sql, javax.sql.rowset, javax.sql.rowset.serial, javax.sql.rowset.spi, javax.swing, javax.swing.border, javax.swing.colorchooser, javax.swing.event, javax.swing.filechooser, javax.swing.plaf, javax.swing.plaf.basic, javax.swing.plaf.metal, javax.swing.plaf.multi, javax.swing.plaf.nimbus, javax.swing.plaf.synth, javax.swing.table, javax.swing.text, javax.swing.text.html, javax.swing.text.html.parser, javax.swing.text.rtf, javax.swing.tree, javax.swing.undo, javax.tools, javax.transaction.xa, javax.xml, javax.xml.catalog, javax.xml.crypto, javax.xml.crypto.dom, javax.xml.crypto.dsig, javax.xml.crypto.dsig.dom, javax.xml.crypto.dsig.keyinfo, javax.xml.crypto.dsig.spec, javax.xml.datatype, javax.xml.namespace, javax.xml.parsers, javax.xml.stream, javax.xml.stream.events, javax.xml.stream.util, javax.xml.transform, javax.xml.transform.dom, javax.xml.transform.sax, javax.xml.transform.stax, javax.xml.transform.stream, javax.xml.validation, javax.xml.xpath, jdk.dynalink, jdk.dynalink.beans, jdk.dynalink.linker, jdk.dynalink.linker.support, jdk.dynalink.support, jdk.javadoc.doclet, jdk.jfr, jdk.jfr.consumer, jdk.jshell, jdk.jshell.execution, jdk.jshell.spi, jdk.jshell.tool, jdk.management.jfr, jdk.nashorn.api.scripting, jdk.nashorn.api.tree, jdk.net, jdk.nio, jdk.security.jarsigner, jdk.swing.interop, netscape.javascript, org.ietf.jgss, org.w3c.dom, org.w3c.dom.bootstrap, org.w3c.dom.css, org.w3c.dom.events, org.w3c.dom.html, org.w3c.dom.ls, org.w3c.dom.ranges, org.w3c.dom.stylesheets, org.w3c.dom.traversal, org.w3c.dom.views, org.w3c.dom.xpath, org.xml.sax, org.xml.sax.ext, org.xml.sax.helpers, sun.misc, sun.reflect"/>
    <property name="gosh.args" value="--nointeractive"/>
    <property name="eclipse.application" value="org.eclipse.tycho.surefire.osgibooter.headlesstest"/>
    <property name="java.version.date" value="2019-01-15"/>
    <property name="java.home" value="/Library/Java/JavaVirtualMachines/jdk-11.0.2.jdk/Contents/Home"/>
    <property name="file.separator" value="/"/>
    <property name="osgi.noShutdown" value="false"/>
    <property name="java.vm.compressedOopsMode" value="Zero based"/>
    <property name="line.separator" value="&#10;"/>
    <property name="org.osgi.framework.executionenvironment" value="OSGi/Minimum-1.0, OSGi/Minimum-1.1, OSGi/Minimum-1.2, JavaSE/compact1-1.8, JavaSE/compact2-1.8, JavaSE/compact3-1.8, JRE-1.1, J2SE-1.2, J2SE-1.3, J2SE-1.4, J2SE-1.5, JavaSE-1.6, JavaSE-1.7, JavaSE-1.8, JavaSE-9, JavaSE-10, JavaSE-11"/>
    <property name="java.specification.name" value="Java Platform API Specification"/>
    <property name="java.vm.specification.vendor" value="Oracle Corporation"/>
    <property name="osgi.compatibility.bootdelegation.default" value="true"/>
    <property name="sun.management.compiler" value="HotSpot 64-Bit Tiered Compilers"/>
    <property name="java.runtime.version" value="11.0.2+9-LTS"/>
    <property name="user.name" value="claudio.menghi"/>
    <property name="osgi.framework.useSystemProperties" value="true"/>
    <property name="org.osgi.framework.vendor" value="Eclipse"/>
    <property name="file.encoding" value="UTF-8"/>
    <property name="java.vendor.version" value="18.9"/>
    <property name="osgi.dev" value="file:/Users/claudio.menghi/Documents/School/University/Associate/software/SOCRaTEs/lu.snt.socrates.tests/target/work/dev.properties"/>
    <property name="java.io.tmpdir" value="/var/folders/qs/7bkg12y920sb32pbbb1k8fbd0c0zm6/T/"/>
    <property name="eclipse.home.location" value="file:/Users/claudio.menghi/Documents/School/University/Associate/software/SOCRaTEs/lu.snt.socrates.tests/target/work/"/>
    <property name="java.version" value="11.0.2"/>
    <property name="osgi.bundles.defaultStartLevel" value="4"/>
    <property name="java.vm.specification.name" value="Java Virtual Machine Specification"/>
    <property name="java.awt.printerjob" value="sun.lwawt.macosx.CPrinterJob"/>
    <property name="sun.os.patch.level" value="unknown"/>
    <property name="osgi.configuration.cascaded" value="false"/>
    <property name="java.library.path" value="/Users/claudio.menghi/Library/Java/Extensions:/Library/Java/Extensions:/Network/Library/Java/Extensions:/System/Library/Java/Extensions:/usr/lib/java:."/>
    <property name="java.vendor" value="Oracle Corporation"/>
    <property name="sun.io.unicode.encoding" value="UnicodeBig"/>
    <property name="eclipse.stateSaveDelayInterval" value="30000"/>
    <property name="gopherProxySet" value="false"/>
    <property name="osgi.checkConfiguration" value="true"/>
    <property name="org.osgi.framework.version" value="1.9.0"/>
    <property name="java.class.path" value="/Users/claudio.menghi/.m2/repository/p2/osgi/bundle/org.eclipse.equinox.launcher/1.5.200.v20180922-1751/org.eclipse.equinox.launcher-1.5.200.v20180922-1751.jar"/>
    <property name="java.vm.vendor" value="Oracle Corporation"/>
    <property name="osgi.bundlefile.limit" value="100"/>
    <property name="user.timezone" value="Europe/Luxembourg"/>
    <property name="org.osgi.framework.uuid" value="35e15336-3ac8-49e0-ab4d-0b2322f20a4d"/>
    <property name="os.name" value="Mac OS X"/>
    <property name="java.vm.specification.version" value="11"/>
    <property name="org.osgi.framework.processor" value="x86-64"/>
    <property name="sun.java.launcher" value="SUN_STANDARD"/>
    <property name="user.country" value="LU"/>
    <property name="sun.cpu.endian" value="little"/>
    <property name="osgi.logfile" value="/Users/claudio.menghi/Documents/School/University/Associate/software/SOCRaTEs/lu.snt.socrates.tests/target/work/configuration/1551853935155.log"/>
    <property name="user.home" value="/Users/claudio.menghi"/>
    <property name="osgi.install.area" value="file:/Users/claudio.menghi/Documents/School/University/Associate/software/SOCRaTEs/lu.snt.socrates.tests/target/work/"/>
    <property name="user.language" value="en"/>
    <property name="java.awt.graphicsenv" value="sun.awt.CGraphicsEnvironment"/>
    <property name="ds.delayed.keepInstances" value="true"/>
    <property name="eclipse.commands" value="-data&#10;/Users/claudio.menghi/Documents/School/University/Associate/software/SOCRaTEs/lu.snt.socrates.tests/target/work/data&#10;-install&#10;/Users/claudio.menghi/Documents/School/University/Associate/software/SOCRaTEs/lu.snt.socrates.tests/target/work&#10;-configuration&#10;/Users/claudio.menghi/Documents/School/University/Associate/software/SOCRaTEs/lu.snt.socrates.tests/target/work/configuration&#10;-application&#10;org.eclipse.tycho.surefire.osgibooter.headlesstest&#10;-testproperties&#10;/Users/claudio.menghi/Documents/School/University/Associate/software/SOCRaTEs/lu.snt.socrates.tests/target/surefire.properties&#10;"/>
    <property name="path.separator" value=":"/>
    <property name="osgi.compatibility.bootdelegation" value="true"/>
    <property name="os.version" value="10.14.3"/>
    <property name="java.runtime.name" value="Java(TM) SE Runtime Environment"/>
    <property name="org.osgi.supports.framework.fragment" value="true"/>
    <property name="osgi.bundles" value="reference:file:/Users/claudio.menghi/.m2/repository/p2/osgi/bundle/com.google.guava/21.0.0.v20170206-1425/com.google.guava-21.0.0.v20170206-1425.jar,reference:file:/Users/claudio.menghi/.m2/repository/p2/osgi/bundle/com.google.inject/3.0.0.v201312141243/com.google.inject-3.0.0.v201312141243.jar,reference:file:/Users/claudio.menghi/.m2/repository/p2/osgi/bundle/javax.inject/1.0.0.v20091030/javax.inject-1.0.0.v20091030.jar,reference:file:/Users/claudio.menghi/.m2/repository/p2/osgi/bundle/com.ibm.icu/63.1.0.v20181030-1705/com.ibm.icu-63.1.0.v20181030-1705.jar,reference:file:/Users/claudio.menghi/.m2/repository/p2/osgi/bundle/javax.annotation/1.2.0.v201602091430/javax.annotation-1.2.0.v201602091430.jar,reference:file:/Users/claudio.menghi/Documents/School/University/Associate/software/SOCRaTEs/lu.snt.socrates/target/lu.snt.socrates-1.0.0-SNAPSHOT.jar,reference:file:/Users/claudio.menghi/.m2/repository/p2/osgi/bundle/org.eclipse.xtext/2.16.0.v20181203-0514/org.eclipse.xtext-2.16.0.v20181203-0514.jar,reference:file:/Users/claudio.menghi/.m2/repository/p2/osgi/bundle/org.eclipse.xtext.xbase/2.16.0.v20181203-0528/org.eclipse.xtext.xbase-2.16.0.v20181203-0528.jar,reference:file:/Users/claudio.menghi/.m2/repository/p2/osgi/bundle/org.eclipse.equinox.common/3.10.200.v20181021-1645/org.eclipse.equinox.common-3.10.200.v20181021-1645.jar@2:start,reference:file:/Users/claudio.menghi/.m2/repository/p2/osgi/bundle/org.eclipse.emf.ecore/2.16.0.v20181124-0637/org.eclipse.emf.ecore-2.16.0.v20181124-0637.jar,reference:file:/Users/claudio.menghi/.m2/repository/p2/osgi/bundle/org.eclipse.xtext.xbase.lib/2.16.0.v20181203-0507/org.eclipse.xtext.xbase.lib-2.16.0.v20181203-0507.jar,reference:file:/Users/claudio.menghi/.m2/repository/p2/osgi/bundle/org.antlr.runtime/3.2.0.v201101311130/org.antlr.runtime-3.2.0.v201101311130.jar,reference:file:/Users/claudio.menghi/.m2/repository/p2/osgi/bundle/org.eclipse.xtext.util/2.16.0.v20181203-0514/org.eclipse.xtext.util-2.16.0.v20181203-0514.jar,reference:file:/Users/claudio.menghi/.m2/repository/p2/osgi/bundle/org.eclipse.xtend.lib/2.16.0.v20181203-0507/org.eclipse.xtend.lib-2.16.0.v20181203-0507.jar,reference:file:/Users/claudio.menghi/.m2/repository/p2/osgi/bundle/org.eclipse.emf.common/2.15.0.v20180914-1817/org.eclipse.emf.common-2.15.0.v20180914-1817.jar,reference:file:/Users/claudio.menghi/.m2/repository/p2/osgi/bundle/org.apache.log4j/1.2.15.v201012070815/org.apache.log4j-1.2.15.v201012070815.jar,reference:file:/Users/claudio.menghi/Documents/School/University/Associate/software/SOCRaTEs/lu.snt.socrates.tests,reference:file:/Users/claudio.menghi/.m2/repository/p2/osgi/bundle/org.junit/4.12.0.v201504281640/org.junit-4.12.0.v201504281640.jar,reference:file:/Users/claudio.menghi/.m2/repository/p2/osgi/bundle/org.eclipse.xtext.junit4/2.16.0.v20181203-1056/org.eclipse.xtext.junit4-2.16.0.v20181203-1056.jar,reference:file:/Users/claudio.menghi/.m2/repository/p2/osgi/bundle/org.eclipse.xtext.xbase.junit/2.16.0.v20181203-1056/org.eclipse.xtext.xbase.junit-2.16.0.v20181203-1056.jar,reference:file:/Users/claudio.menghi/.m2/repository/p2/osgi/bundle/org.eclipse.xtext.xbase.testing/2.16.0.v20181203-0528/org.eclipse.xtext.xbase.testing-2.16.0.v20181203-0528.jar,reference:file:/Users/claudio.menghi/.m2/repository/p2/osgi/bundle/org.eclipse.xtext.testing/2.16.0.v20181203-0514/org.eclipse.xtext.testing-2.16.0.v20181203-0514.jar,reference:file:/Users/claudio.menghi/.m2/repository/p2/osgi/bundle/org.hamcrest.core/1.3.0.v20180420-1519/org.hamcrest.core-1.3.0.v20180420-1519.jar,reference:file:/Users/claudio.menghi/Documents/School/University/Associate/software/SOCRaTEs/lu.snt.socrates.tests/target/work/plugins/org.apache.ant_1.10.5.v20180808-0324,reference:file:/Users/claudio.menghi/.m2/repository/p2/osgi/bundle/org.w3c.dom.svg/1.1.0.v201011041433/org.w3c.dom.svg-1.1.0.v201011041433.jar,reference:file:/Users/claudio.menghi/.m2/repository/p2/osgi/bundle/org.w3c.css.sac/1.3.1.v200903091627/org.w3c.css.sac-1.3.1.v200903091627.jar,reference:file:/Users/claudio.menghi/.m2/repository/p2/osgi/bundle/org.w3c.dom.events/3.0.0.draft20060413_v201105210656/org.w3c.dom.events-3.0.0.draft20060413_v201105210656.jar,reference:file:/Users/claudio.menghi/.m2/repository/p2/osgi/bundle/org.apache.batik.css/1.10.0.v20180703-1553/org.apache.batik.css-1.10.0.v20180703-1553.jar,reference:file:/Users/claudio.menghi/.m2/repository/p2/osgi/bundle/org.apache.batik.util/1.10.0.v20180703-1553/org.apache.batik.util-1.10.0.v20180703-1553.jar,reference:file:/Users/claudio.menghi/.m2/repository/p2/osgi/bundle/org.apache.batik.constants/1.10.0.v20180703-1553/org.apache.batik.constants-1.10.0.v20180703-1553.jar,reference:file:/Users/claudio.menghi/.m2/repository/p2/osgi/bundle/org.apache.batik.i18n/1.10.0.v20180703-1553/org.apache.batik.i18n-1.10.0.v20180703-1553.jar,reference:file:/Users/claudio.menghi/.m2/repository/p2/osgi/bundle/org.apache.xmlgraphics/2.2.0.v20180809-1640/org.apache.xmlgraphics-2.2.0.v20180809-1640.jar,reference:file:/Users/claudio.menghi/.m2/repository/p2/osgi/bundle/org.w3c.dom.smil/1.0.1.v200903091627/org.w3c.dom.smil-1.0.1.v200903091627.jar,reference:file:/Users/claudio.menghi/.m2/repository/p2/osgi/bundle/org.apache.commons.cli/1.2.0.v201404270220/org.apache.commons.cli-1.2.0.v201404270220.jar,reference:file:/Users/claudio.menghi/.m2/repository/p2/osgi/bundle/org.apache.commons.lang/2.6.0.v201404270220/org.apache.commons.lang-2.6.0.v201404270220.jar,reference:file:/Users/claudio.menghi/.m2/repository/p2/osgi/bundle/org.apache.commons.logging/1.2.0.v20180409-1502/org.apache.commons.logging-1.2.0.v20180409-1502.jar,reference:file:/Users/claudio.menghi/.m2/repository/p2/osgi/bundle/org.apache.felix.gogo.command/1.0.2.v20170914-1324/org.apache.felix.gogo.command-1.0.2.v20170914-1324.jar,reference:file:/Users/claudio.menghi/.m2/repository/p2/osgi/bundle/org.apache.felix.gogo.runtime/1.1.0.v20180713-1646/org.apache.felix.gogo.runtime-1.1.0.v20180713-1646.jar,reference:file:/Users/claudio.menghi/.m2/repository/p2/osgi/bundle/org.eclipse.osgi.services/3.7.100.v20180827-1536/org.eclipse.osgi.services-3.7.100.v20180827-1536.jar,reference:file:/Users/claudio.menghi/.m2/repository/p2/osgi/bundle/org.apache.felix.gogo.shell/1.1.0.v20180713-1646/org.apache.felix.gogo.shell-1.1.0.v20180713-1646.jar,reference:file:/Users/claudio.menghi/.m2/repository/p2/osgi/bundle/org.apache.felix.scr/2.0.14.v20180822-1822/org.apache.felix.scr-2.0.14.v20180822-1822.jar@1:start,reference:file:/Users/claudio.menghi/.m2/repository/p2/osgi/bundle/org.eclipse.osgi.util/3.5.100.v20180827-1536/org.eclipse.osgi.util-3.5.100.v20180827-1536.jar,reference:file:/Users/claudio.menghi/.m2/repository/p2/osgi/bundle/org.apache.commons.io/2.2.0.v201405211200/org.apache.commons.io-2.2.0.v201405211200.jar,reference:file:/Users/claudio.menghi/.m2/repository/p2/osgi/bundle/org.eclipse.compare/3.7.400.v20181109-1335/org.eclipse.compare-3.7.400.v20181109-1335.jar,reference:file:/Users/claudio.menghi/.m2/repository/p2/osgi/bundle/org.eclipse.ui/3.111.0.v20181117-0847/org.eclipse.ui-3.111.0.v20181117-0847.jar,reference:file:/Users/claudio.menghi/.m2/repository/p2/osgi/bundle/org.eclipse.core.resources/3.13.200.v20181121-1020/org.eclipse.core.resources-3.13.200.v20181121-1020.jar,reference:file:/Users/claudio.menghi/.m2/repository/p2/osgi/bundle/org.eclipse.jface.text/3.15.0.v20181119-1708/org.eclipse.jface.text-3.15.0.v20181119-1708.jar,reference:file:/Users/claudio.menghi/.m2/repository/p2/osgi/bundle/org.eclipse.ui.ide/3.14.200.v20181205-2143/org.eclipse.ui.ide-3.14.200.v20181205-2143.jar,reference:file:/Users/claudio.menghi/.m2/repository/p2/osgi/bundle/org.eclipse.ui.views/3.9.200.v20180828-0837/org.eclipse.ui.views-3.9.200.v20180828-0837.jar,reference:file:/Users/claudio.menghi/.m2/repository/p2/osgi/bundle/org.eclipse.ui.workbench.texteditor/3.11.200.v20181108-1458/org.eclipse.ui.workbench.texteditor-3.11.200.v20181108-1458.jar,reference:file:/Users/claudio.menghi/.m2/repository/p2/osgi/bundle/org.eclipse.core.runtime/3.15.100.v20181107-1343/org.eclipse.core.runtime-3.15.100.v20181107-1343.jar@4:start,reference:file:/Users/claudio.menghi/.m2/repository/p2/osgi/bundle/org.eclipse.core.expressions/3.6.200.v20180817-1401/org.eclipse.core.expressions-3.6.200.v20180817-1401.jar,reference:file:/Users/claudio.menghi/.m2/repository/p2/osgi/bundle/org.eclipse.ui.editors/3.11.300.v20180914-0606/org.eclipse.ui.editors-3.11.300.v20180914-0606.jar,reference:file:/Users/claudio.menghi/.m2/repository/p2/osgi/bundle/org.eclipse.ui.forms/3.7.400.v20181123-1505/org.eclipse.ui.forms-3.7.400.v20181123-1505.jar,reference:file:/Users/claudio.menghi/.m2/repository/p2/osgi/bundle/org.eclipse.compare.core/3.6.300.v20180827-1041/org.eclipse.compare.core-3.6.300.v20180827-1041.jar,reference:file:/Users/claudio.menghi/.m2/repository/p2/osgi/bundle/org.eclipse.core.commands/3.9.200.v20180827-1727/org.eclipse.core.commands-3.9.200.v20180827-1727.jar,reference:file:/Users/claudio.menghi/.m2/repository/p2/osgi/bundle/org.eclipse.core.contenttype/3.7.200.v20181107-1343/org.eclipse.core.contenttype-3.7.200.v20181107-1343.jar,reference:file:/Users/claudio.menghi/.m2/repository/p2/osgi/bundle/org.eclipse.equinox.preferences/3.7.200.v20180827-1235/org.eclipse.equinox.preferences-3.7.200.v20180827-1235.jar,reference:file:/Users/claudio.menghi/.m2/repository/p2/osgi/bundle/org.eclipse.equinox.registry/3.8.200.v20181008-1820/org.eclipse.equinox.registry-3.8.200.v20181008-1820.jar,reference:file:/Users/claudio.menghi/.m2/repository/p2/osgi/bundle/org.eclipse.core.databinding/1.7.100.v20181030-1443/org.eclipse.core.databinding-1.7.100.v20181030-1443.jar,reference:file:/Users/claudio.menghi/.m2/repository/p2/osgi/bundle/org.eclipse.core.databinding.observable/1.6.300.v20180827-2028/org.eclipse.core.databinding.observable-1.6.300.v20180827-2028.jar,reference:file:/Users/claudio.menghi/.m2/repository/p2/osgi/bundle/org.eclipse.core.databinding.property/1.6.300.v20180827-2028/org.eclipse.core.databinding.property-1.6.300.v20180827-2028.jar,reference:file:/Users/claudio.menghi/.m2/repository/p2/osgi/bundle/org.eclipse.core.databinding.beans/1.4.300.v20181030-1443/org.eclipse.core.databinding.beans-1.4.300.v20181030-1443.jar,reference:file:/Users/claudio.menghi/.m2/repository/p2/osgi/bundle/org.eclipse.core.filebuffers/3.6.400.v20181028-0633/org.eclipse.core.filebuffers-3.6.400.v20181028-0633.jar,reference:file:/Users/claudio.menghi/.m2/repository/p2/osgi/bundle/org.eclipse.text/3.8.0.v20180923-1636/org.eclipse.text-3.8.0.v20180923-1636.jar,reference:file:/Users/claudio.menghi/.m2/repository/p2/osgi/bundle/org.eclipse.core.filesystem/1.7.200.v20180828-0158/org.eclipse.core.filesystem-1.7.200.v20180828-0158.jar,reference:file:/Users/claudio.menghi/.m2/repository/p2/osgi/bundle/org.eclipse.core.jobs/3.10.200.v20180912-1356/org.eclipse.core.jobs-3.10.200.v20180912-1356.jar,reference:file:/Users/claudio.menghi/.m2/repository/p2/osgi/bundle/org.eclipse.core.net/1.3.400.v20181030-1645/org.eclipse.core.net-1.3.400.v20181030-1645.jar,reference:file:/Users/claudio.menghi/.m2/repository/p2/osgi/bundle/org.eclipse.equinox.security/1.3.0.v20181115-0746/org.eclipse.equinox.security-1.3.0.v20181115-0746.jar,reference:file:/Users/claudio.menghi/.m2/repository/p2/osgi/bundle/org.eclipse.equinox.app/1.4.0.v20181009-1752/org.eclipse.equinox.app-1.4.0.v20181009-1752.jar,reference:file:/Users/claudio.menghi/.m2/repository/p2/osgi/bundle/org.eclipse.core.variables/3.4.300.v20181028-0627/org.eclipse.core.variables-3.4.300.v20181028-0627.jar,reference:file:/Users/claudio.menghi/.m2/repository/p2/osgi/bundle/org.eclipse.debug.core/3.13.100.v20181201-1650/org.eclipse.debug.core-3.13.100.v20181201-1650.jar,reference:file:/Users/claudio.menghi/.m2/repository/p2/osgi/bundle/org.eclipse.debug.ui/3.13.200.v20181026-1523/org.eclipse.debug.ui-3.13.200.v20181026-1523.jar,reference:file:/Users/claudio.menghi/.m2/repository/p2/osgi/bundle/org.eclipse.ui.console/3.8.300.v20181019-1609/org.eclipse.ui.console-3.8.300.v20181019-1609.jar,reference:file:/Users/claudio.menghi/.m2/repository/p2/osgi/bundle/org.eclipse.help/3.8.200.v20180821-0700/org.eclipse.help-3.8.200.v20180821-0700.jar,reference:file:/Users/claudio.menghi/.m2/repository/p2/osgi/bundle/org.eclipse.e4.core.commands/0.12.400.v20181119-1026/org.eclipse.e4.core.commands-0.12.400.v20181119-1026.jar,reference:file:/Users/claudio.menghi/.m2/repository/p2/osgi/bundle/org.eclipse.e4.core.di/1.7.100.v20180817-1215/org.eclipse.e4.core.di-1.7.100.v20180817-1215.jar,reference:file:/Users/claudio.menghi/.m2/repository/p2/osgi/bundle/org.eclipse.e4.core.contexts/1.7.100.v20180817-1215/org.eclipse.e4.core.contexts-1.7.100.v20180817-1215.jar,reference:file:/Users/claudio.menghi/.m2/repository/p2/osgi/bundle/org.eclipse.e4.core.services/2.1.300.v20180930-0910/org.eclipse.e4.core.services-2.1.300.v20180930-0910.jar,reference:file:/Users/claudio.menghi/.m2/repository/p2/osgi/bundle/org.eclipse.e4.core.di.annotations/1.6.200.v20180817-1215/org.eclipse.e4.core.di.annotations-1.6.200.v20180817-1215.jar,reference:file:/Users/claudio.menghi/.m2/repository/p2/osgi/bundle/org.eclipse.e4.core.di.extensions/0.15.200.v20180817-1215/org.eclipse.e4.core.di.extensions-0.15.200.v20180817-1215.jar,reference:file:/Users/claudio.menghi/.m2/repository/p2/osgi/bundle/org.eclipse.e4.core.di.extensions.supplier/0.15.200.v20180817-1215/org.eclipse.e4.core.di.extensions.supplier-0.15.200.v20180817-1215.jar,reference:file:/Users/claudio.menghi/.m2/repository/p2/osgi/bundle/org.eclipse.e4.emf.xpath/0.2.200.v20180828-0227/org.eclipse.e4.emf.xpath-0.2.200.v20180828-0227.jar,reference:file:/Users/claudio.menghi/.m2/repository/p2/osgi/bundle/org.apache.commons.jxpath/1.3.0.v200911051830/org.apache.commons.jxpath-1.3.0.v200911051830.jar,reference:file:/Users/claudio.menghi/.m2/repository/p2/osgi/bundle/org.eclipse.e4.ui.workbench.swt/0.14.400.v20181022-1348/org.eclipse.e4.ui.workbench.swt-0.14.400.v20181022-1348.jar,reference:file:/Users/claudio.menghi/.m2/repository/p2/osgi/bundle/org.eclipse.e4.ui.bindings/0.12.300.v20180913-1535/org.eclipse.e4.ui.bindings-0.12.300.v20180913-1535.jar,reference:file:/Users/claudio.menghi/.m2/repository/p2/osgi/bundle/org.eclipse.e4.ui.model.workbench/2.1.200.v20180920-1522/org.eclipse.e4.ui.model.workbench-2.1.200.v20180920-1522.jar,reference:file:/Users/claudio.menghi/.m2/repository/p2/osgi/bundle/org.eclipse.e4.ui.services/1.3.300.v20180920-1522/org.eclipse.e4.ui.services-1.3.300.v20180920-1522.jar,reference:file:/Users/claudio.menghi/.m2/repository/p2/osgi/bundle/org.eclipse.e4.ui.workbench.renderers.swt/0.14.400.v20181112-1716/org.eclipse.e4.ui.workbench.renderers.swt-0.14.400.v20181112-1716.jar,reference:file:/Users/claudio.menghi/.m2/repository/p2/osgi/bundle/org.eclipse.e4.ui.workbench/1.8.0.v20181119-1304/org.eclipse.e4.ui.workbench-1.8.0.v20181119-1304.jar,reference:file:/Users/claudio.menghi/.m2/repository/p2/osgi/bundle/org.eclipse.e4.ui.css.core/0.12.400.v20180917-1628/org.eclipse.e4.ui.css.core-0.12.400.v20180917-1628.jar,reference:file:/Users/claudio.menghi/.m2/repository/p2/osgi/bundle/org.eclipse.e4.ui.css.swt/0.13.300.v20181030-1443/org.eclipse.e4.ui.css.swt-0.13.300.v20181030-1443.jar,reference:file:/Users/claudio.menghi/.m2/repository/p2/osgi/bundle/org.eclipse.e4.ui.css.swt.theme/0.12.100.v20180828-0227/org.eclipse.e4.ui.css.swt.theme-0.12.100.v20180828-0227.jar,reference:file:/Users/claudio.menghi/.m2/repository/p2/osgi/bundle/org.eclipse.e4.ui.di/1.2.400.v20180920-1522/org.eclipse.e4.ui.di-1.2.400.v20180920-1522.jar,reference:file:/Users/claudio.menghi/.m2/repository/p2/osgi/bundle/org.eclipse.e4.ui.widgets/1.2.300.v20180920-1522/org.eclipse.e4.ui.widgets-1.2.300.v20180920-1522.jar,reference:file:/Users/claudio.menghi/.m2/repository/p2/osgi/bundle/org.eclipse.e4.ui.workbench.renderers.swt.cocoa/0.12.100.v20180828-0227/org.eclipse.e4.ui.workbench.renderers.swt.cocoa-0.12.100.v20180828-0227.jar,reference:file:/Users/claudio.menghi/.m2/repository/p2/osgi/bundle/org.eclipse.equinox.event/1.5.0.v20181008-1938/org.eclipse.equinox.event-1.5.0.v20181008-1938.jar,reference:file:/Users/claudio.menghi/.m2/repository/p2/osgi/bundle/org.eclipse.equinox.launcher/1.5.200.v20180922-1751/org.eclipse.equinox.launcher-1.5.200.v20180922-1751.jar,reference:file:/Users/claudio.menghi/.m2/repository/p2/osgi/bundle/org.eclipse.equinox.simpleconfigurator/1.3.200.v20181101-1115/org.eclipse.equinox.simpleconfigurator-1.3.200.v20181101-1115.jar@1:start,reference:file:/Users/claudio.menghi/.m2/repository/p2/osgi/bundle/org.eclipse.osgi.compatibility.state/1.1.300.v20181116-1550/org.eclipse.osgi.compatibility.state-1.1.300.v20181116-1550.jar,reference:file:/Users/claudio.menghi/Documents/School/University/Associate/software/SOCRaTEs/lu.snt.socrates.tests/target/work/plugins/org.eclipse.equinox.launcher.cocoa.macosx.x86_64_1.1.900.v20180922-1751,reference:file:/Users/claudio.menghi/.m2/repository/p2/osgi/bundle/org.eclipse.swt/3.109.0.v20181204-1801/org.eclipse.swt-3.109.0.v20181204-1801.jar,reference:file:/Users/claudio.menghi/.m2/repository/p2/osgi/bundle/org.eclipse.swt.cocoa.macosx.x86_64/3.109.0.v20181204-1801/org.eclipse.swt.cocoa.macosx.x86_64-3.109.0.v20181204-1801.jar,reference:file:/Users/claudio.menghi/.m2/repository/p2/osgi/bundle/org.eclipse.equinox.util/1.1.200.v20181008-1820/org.eclipse.equinox.util-1.1.200.v20181008-1820.jar,reference:file:/Users/claudio.menghi/.m2/repository/p2/osgi/bundle/org.eclipse.jface/3.15.0.v20181123-1505/org.eclipse.jface-3.15.0.v20181123-1505.jar,reference:file:/Users/claudio.menghi/.m2/repository/p2/osgi/bundle/org.eclipse.jface.databinding/1.8.400.v20181030-1443/org.eclipse.jface.databinding-1.8.400.v20181030-1443.jar,reference:file:/Users/claudio.menghi/.m2/repository/p2/osgi/bundle/org.eclipse.e4.ui.workbench3/0.14.200.v20180828-0227/org.eclipse.e4.ui.workbench3-0.14.200.v20180828-0227.jar,reference:file:/Users/claudio.menghi/.m2/repository/p2/osgi/bundle/org.eclipse.equinox.console/1.3.200.v20181115-0906/org.eclipse.equinox.console-1.3.200.v20181115-0906.jar,reference:file:/Users/claudio.menghi/.m2/repository/p2/osgi/bundle/org.eclipse.e4.ui.workbench.addons.swt/1.3.300.v20181102-1042/org.eclipse.e4.ui.workbench.addons.swt-1.3.300.v20181102-1042.jar,reference:file:/Users/claudio.menghi/.m2/repository/p2/osgi/bundle/org.eclipse.equinox.bidi/1.1.200.v20180827-1235/org.eclipse.equinox.bidi-1.1.200.v20180827-1235.jar,reference:file:/Users/claudio.menghi/.m2/repository/p2/osgi/bundle/org.eclipse.e4.ui.dialogs/1.1.300.v20180828-0227/org.eclipse.e4.ui.dialogs-1.1.300.v20180828-0227.jar,reference:file:/Users/claudio.menghi/.m2/repository/p2/osgi/bundle/org.eclipse.emf.ecore.xmi/2.15.0.v20180706-1146/org.eclipse.emf.ecore.xmi-2.15.0.v20180706-1146.jar,reference:file:/Users/claudio.menghi/.m2/repository/p2/osgi/bundle/org.eclipse.emf.ecore.change/2.13.0.v20180706-1146/org.eclipse.emf.ecore.change-2.13.0.v20180706-1146.jar,reference:file:/Users/claudio.menghi/.m2/repository/p2/osgi/bundle/org.eclipse.emf.codegen/2.15.0.v20181120-2156/org.eclipse.emf.codegen-2.15.0.v20181120-2156.jar,reference:file:/Users/claudio.menghi/.m2/repository/p2/osgi/bundle/org.eclipse.jdt.core/3.16.0.v20181130-1748/org.eclipse.jdt.core-3.16.0.v20181130-1748.jar,reference:file:/Users/claudio.menghi/.m2/repository/p2/osgi/bundle/org.eclipse.jdt.launching/3.12.0.v20181119-1621/org.eclipse.jdt.launching-3.12.0.v20181119-1621.jar,reference:file:/Users/claudio.menghi/.m2/repository/p2/osgi/bundle/org.eclipse.emf.codegen.ecore/2.16.0.v20181206-1055/org.eclipse.emf.codegen.ecore-2.16.0.v20181206-1055.jar,reference:file:/Users/claudio.menghi/.m2/repository/p2/osgi/bundle/org.eclipse.emf.common.ui/2.15.0.v20181104-0733/org.eclipse.emf.common.ui-2.15.0.v20181104-0733.jar,reference:file:/Users/claudio.menghi/.m2/repository/p2/osgi/bundle/org.eclipse.emf.ecore.edit/2.11.0.v20180823-0905/org.eclipse.emf.ecore.edit-2.11.0.v20180823-0905.jar,reference:file:/Users/claudio.menghi/.m2/repository/p2/osgi/bundle/org.eclipse.emf.edit/2.14.0.v20180823-0456/org.eclipse.emf.edit-2.14.0.v20180823-0456.jar,reference:file:/Users/claudio.menghi/.m2/repository/p2/osgi/bundle/org.eclipse.emf.ecore.editor/2.16.0.v20181104-0733/org.eclipse.emf.ecore.editor-2.16.0.v20181104-0733.jar,reference:file:/Users/claudio.menghi/.m2/repository/p2/osgi/bundle/org.eclipse.emf.edit.ui/2.16.0.v20181104-0733/org.eclipse.emf.edit.ui-2.16.0.v20181104-0733.jar,reference:file:/Users/claudio.menghi/.m2/repository/p2/osgi/bundle/org.eclipse.ui.workbench/3.112.100.v20181127-1518/org.eclipse.ui.workbench-3.112.100.v20181127-1518.jar,reference:file:/Users/claudio.menghi/.m2/repository/p2/osgi/bundle/org.eclipse.emf.mwe.core/1.3.21.201705291011/org.eclipse.emf.mwe.core-1.3.21.201705291011.jar,reference:file:/Users/claudio.menghi/.m2/repository/p2/osgi/bundle/org.eclipse.emf.mwe2.runtime/2.9.1.201705291011/org.eclipse.emf.mwe2.runtime-2.9.1.201705291011.jar,reference:file:/Users/claudio.menghi/.m2/repository/p2/osgi/bundle/org.eclipse.emf.mwe.utils/1.3.21.201705291011/org.eclipse.emf.mwe.utils-1.3.21.201705291011.jar,reference:file:/Users/claudio.menghi/.m2/repository/p2/osgi/bundle/org.eclipse.emf.mwe2.lib/2.9.1.201705291011/org.eclipse.emf.mwe2.lib-2.9.1.201705291011.jar,reference:file:/Users/claudio.menghi/.m2/repository/p2/osgi/bundle/org.eclipse.equinox.p2.core/2.5.100.v20180822-1532/org.eclipse.equinox.p2.core-2.5.100.v20180822-1532.jar,reference:file:/Users/claudio.menghi/.m2/repository/p2/osgi/bundle/org.eclipse.equinox.p2.engine/2.6.100.v20180822-1302/org.eclipse.equinox.p2.engine-2.6.100.v20180822-1302.jar,reference:file:/Users/claudio.menghi/.m2/repository/p2/osgi/bundle/org.eclipse.equinox.p2.metadata/2.4.200.v20181102-0649/org.eclipse.equinox.p2.metadata-2.4.200.v20181102-0649.jar,reference:file:/Users/claudio.menghi/.m2/repository/p2/osgi/bundle/org.eclipse.equinox.p2.metadata.repository/1.3.100.v20180822-1302/org.eclipse.equinox.p2.metadata.repository-1.3.100.v20180822-1302.jar,reference:file:/Users/claudio.menghi/.m2/repository/p2/osgi/bundle/org.eclipse.equinox.p2.repository/2.4.200.v20181005-1131/org.eclipse.equinox.p2.repository-2.4.200.v20181005-1131.jar,reference:file:/Users/claudio.menghi/.m2/repository/p2/osgi/bundle/org.tukaani.xz/1.8.0.v20180207-1613/org.tukaani.xz-1.8.0.v20180207-1613.jar,reference:file:/Users/claudio.menghi/.m2/repository/p2/osgi/bundle/org.eclipse.jdt.core.manipulation/1.11.0.v20181126-0647/org.eclipse.jdt.core.manipulation-1.11.0.v20181126-0647.jar,reference:file:/Users/claudio.menghi/.m2/repository/p2/osgi/bundle/org.eclipse.ltk.core.refactoring/3.9.200.v20181024-1629/org.eclipse.ltk.core.refactoring-3.9.200.v20181024-1629.jar,reference:file:/Users/claudio.menghi/Documents/School/University/Associate/software/SOCRaTEs/lu.snt.socrates.tests/target/work/plugins/org.eclipse.jdt.debug_3.12.100.v20181116-1959,reference:file:/Users/claudio.menghi/.m2/repository/p2/osgi/bundle/org.eclipse.jdt.debug.ui/3.10.100.v20181120-0542/org.eclipse.jdt.debug.ui-3.10.100.v20181120-0542.jar,reference:file:/Users/claudio.menghi/.m2/repository/p2/osgi/bundle/org.eclipse.jdt.ui/3.16.0.v20181203-1249/org.eclipse.jdt.ui-3.16.0.v20181203-1249.jar,reference:file:/Users/claudio.menghi/.m2/repository/p2/osgi/bundle/org.eclipse.search/3.11.400.v20181028-0633/org.eclipse.search-3.11.400.v20181028-0633.jar,reference:file:/Users/claudio.menghi/.m2/repository/p2/osgi/bundle/org.eclipse.team.ui/3.8.300.v20181030-1259/org.eclipse.team.ui-3.8.300.v20181030-1259.jar,reference:file:/Users/claudio.menghi/.m2/repository/p2/osgi/bundle/org.eclipse.team.core/3.8.400.v20181109-0825/org.eclipse.team.core-3.8.400.v20181109-0825.jar,reference:file:/Users/claudio.menghi/.m2/repository/p2/osgi/bundle/org.eclipse.ltk.ui.refactoring/3.9.200.v20180828-0626/org.eclipse.ltk.ui.refactoring-3.9.200.v20180828-0626.jar,reference:file:/Users/claudio.menghi/.m2/repository/p2/osgi/bundle/org.eclipse.ui.navigator/3.7.300.v20181016-1531/org.eclipse.ui.navigator-3.7.300.v20181016-1531.jar,reference:file:/Users/claudio.menghi/.m2/repository/p2/osgi/bundle/org.eclipse.ui.navigator.resources/3.6.300.v20181110-1011/org.eclipse.ui.navigator.resources-3.6.300.v20181110-1011.jar,reference:file:/Users/claudio.menghi/.m2/repository/p2/osgi/bundle/org.eclipse.update.configurator/3.4.100.v20180821-1913/org.eclipse.update.configurator-3.4.100.v20180821-1913.jar,reference:file:/Users/claudio.menghi/.m2/repository/p2/osgi/bundle/org.eclipse.rcp/4.10.0.v20181206-0815/org.eclipse.rcp-4.10.0.v20181206-0815.jar,reference:file:/Users/claudio.menghi/.m2/repository/p2/osgi/bundle/org.eclipse.ui.cocoa/1.2.100.v20180828-0838/org.eclipse.ui.cocoa-1.2.100.v20180828-0838.jar,reference:file:/Users/claudio.menghi/.m2/repository/p2/osgi/bundle/org.eclipse.ui.ide.application/1.3.100.v20181129-0817/org.eclipse.ui.ide.application-1.3.100.v20181129-0817.jar,reference:file:/Users/claudio.menghi/.m2/repository/p2/osgi/bundle/org.eclipse.urischeme/1.0.100.v20181204-1430/org.eclipse.urischeme-1.0.100.v20181204-1430.jar,reference:file:/Users/claudio.menghi/.m2/repository/p2/osgi/bundle/org.eclipse.ui.views.properties.tabbed/3.8.300.v20180921-1036/org.eclipse.ui.views.properties.tabbed-3.8.300.v20180921-1036.jar,reference:file:/Users/claudio.menghi/.m2/repository/p2/osgi/bundle/org.eclipse.xpand/2.2.0.v201605260315/org.eclipse.xpand-2.2.0.v201605260315.jar,reference:file:/Users/claudio.menghi/.m2/repository/p2/osgi/bundle/org.eclipse.xtend/2.2.0.v201605260315/org.eclipse.xtend-2.2.0.v201605260315.jar,reference:file:/Users/claudio.menghi/.m2/repository/p2/osgi/bundle/org.eclipse.xtend.lib.macro/2.16.0.v20181203-0507/org.eclipse.xtend.lib.macro-2.16.0.v20181203-0507.jar,reference:file:/Users/claudio.menghi/.m2/repository/p2/osgi/bundle/org.eclipse.xtend.typesystem.emf/2.2.0.v201605260315/org.eclipse.xtend.typesystem.emf-2.2.0.v201605260315.jar,reference:file:/Users/claudio.menghi/.m2/repository/p2/osgi/bundle/org.eclipse.xtext.builder/2.16.0.v20181203-1056/org.eclipse.xtext.builder-2.16.0.v20181203-1056.jar,reference:file:/Users/claudio.menghi/.m2/repository/p2/osgi/bundle/org.eclipse.xtext.ui/2.16.0.v20181203-1056/org.eclipse.xtext.ui-2.16.0.v20181203-1056.jar,reference:file:/Users/claudio.menghi/.m2/repository/p2/osgi/bundle/org.eclipse.xtext.common.types.ui/2.16.0.v20181203-1056/org.eclipse.xtext.common.types.ui-2.16.0.v20181203-1056.jar,reference:file:/Users/claudio.menghi/.m2/repository/p2/osgi/bundle/org.eclipse.xtext.smap/2.16.0.v20181203-0528/org.eclipse.xtext.smap-2.16.0.v20181203-0528.jar,reference:file:/Users/claudio.menghi/.m2/repository/p2/osgi/bundle/org.eclipse.xtext.builder.standalone/2.16.0.v20181203-0528/org.eclipse.xtext.builder.standalone-2.16.0.v20181203-0528.jar,reference:file:/Users/claudio.menghi/.m2/repository/p2/osgi/bundle/org.eclipse.xtext.common.types/2.16.0.v20181203-0528/org.eclipse.xtext.common.types-2.16.0.v20181203-0528.jar,reference:file:/Users/claudio.menghi/.m2/repository/p2/osgi/bundle/org.objectweb.asm/7.0.0.v20181030-2244/org.objectweb.asm-7.0.0.v20181030-2244.jar,reference:file:/Users/claudio.menghi/.m2/repository/p2/osgi/bundle/org.eclipse.xtext.common.types.edit/2.16.0.v20181203-1056/org.eclipse.xtext.common.types.edit-2.16.0.v20181203-1056.jar,reference:file:/Users/claudio.menghi/.m2/repository/p2/osgi/bundle/org.eclipse.xtext.ecore/2.16.0.v20181203-0528/org.eclipse.xtext.ecore-2.16.0.v20181203-0528.jar,reference:file:/Users/claudio.menghi/.m2/repository/p2/osgi/bundle/org.eclipse.xtext.generator/2.16.0.v20181203-0528/org.eclipse.xtext.generator-2.16.0.v20181203-0528.jar,reference:file:/Users/claudio.menghi/.m2/repository/p2/osgi/bundle/org.eclipse.xtext.xtext.generator/2.16.0.v20181203-0514/org.eclipse.xtext.xtext.generator-2.16.0.v20181203-0514.jar,reference:file:/Users/claudio.menghi/.m2/repository/p2/osgi/bundle/org.eclipse.xtext.ide/2.16.0.v20181203-0514/org.eclipse.xtext.ide-2.16.0.v20181203-0514.jar,reference:file:/Users/claudio.menghi/.m2/repository/p2/osgi/bundle/org.eclipse.xtext.ui.codetemplates/2.16.0.v20181203-1056/org.eclipse.xtext.ui.codetemplates-2.16.0.v20181203-1056.jar,reference:file:/Users/claudio.menghi/.m2/repository/p2/osgi/bundle/org.eclipse.xtext.ui.codetemplates.ide/2.16.0.v20181203-1056/org.eclipse.xtext.ui.codetemplates.ide-2.16.0.v20181203-1056.jar,reference:file:/Users/claudio.menghi/.m2/repository/p2/osgi/bundle/org.eclipse.xtext.ui.codetemplates.ui/2.16.0.v20181203-1056/org.eclipse.xtext.ui.codetemplates.ui-2.16.0.v20181203-1056.jar,reference:file:/Users/claudio.menghi/.m2/repository/p2/osgi/bundle/org.eclipse.xtext.ui.shared/2.16.0.v20181203-1056/org.eclipse.xtext.ui.shared-2.16.0.v20181203-1056.jar,reference:file:/Users/claudio.menghi/.m2/repository/p2/osgi/bundle/org.eclipse.xtext.ui.testing/2.16.0.v20181203-1056/org.eclipse.xtext.ui.testing-2.16.0.v20181203-1056.jar,reference:file:/Users/claudio.menghi/.m2/repository/p2/osgi/bundle/org.eclipse.xtext.xbase.ide/2.16.0.v20181203-0528/org.eclipse.xtext.xbase.ide-2.16.0.v20181203-0528.jar,reference:file:/Users/claudio.menghi/.m2/repository/p2/osgi/bundle/org.eclipse.xtext.xbase.ui/2.16.0.v20181203-1056/org.eclipse.xtext.xbase.ui-2.16.0.v20181203-1056.jar,reference:file:/Users/claudio.menghi/.m2/repository/org/eclipse/tycho/org.eclipse.tycho.surefire.osgibooter/1.3.0/org.eclipse.tycho.surefire.osgibooter-1.3.0.jar,reference:file:/Users/claudio.menghi/.m2/repository/org/eclipse/tycho/org.eclipse.tycho.surefire.junit4/1.3.0/org.eclipse.tycho.surefire.junit4-1.3.0.jar"/>
    <property name="osgi.framework.shape" value="jar"/>
    <property name="java.vm.name" value="Java HotSpot(TM) 64-Bit Server VM"/>
    <property name="osgi.framework" value="file:/Users/claudio.menghi/.m2/repository/p2/osgi/bundle/org.eclipse.osgi/3.13.200.v20181130-2106/org.eclipse.osgi-3.13.200.v20181130-2106.jar"/>
    <property name="osgi.configuration.area" value="file:/Users/claudio.menghi/Documents/School/University/Associate/software/SOCRaTEs/lu.snt.socrates.tests/target/work/configuration/"/>
    <property name="osgi.os" value="macosx"/>
    <property name="osgi.clean" value="true"/>
    <property name="java.vendor.url.bug" value="http://bugreport.java.com/bugreport/"/>
    <property name="org.osgi.framework.os.name" value="MacOSX"/>
    <property name="org.osgi.supports.framework.extension" value="true"/>
    <property name="org.osgi.framework.storage" value="/Users/claudio.menghi/Documents/School/University/Associate/software/SOCRaTEs/lu.snt.socrates.tests/target/work/configuration"/>
    <property name="user.dir" value="/Users/claudio.menghi/Documents/School/University/Associate/software/SOCRaTEs/lu.snt.socrates.tests"/>
    <property name="os.arch" value="x86_64"/>
    <property name="osgi.ws" value="cocoa"/>
    <property name="osgi.instance.area" value="file:/Users/claudio.menghi/Documents/School/University/Associate/software/SOCRaTEs/lu.snt.socrates.tests/target/work/data/"/>
    <property name="eclipse.startTime" value="1551853935059"/>
    <property name="org.osgi.framework.os.version" value="10.14.3"/>
    <property name="java.vm.info" value="mixed mode"/>
    <property name="java.vm.version" value="11.0.2+9-LTS"/>
    <property name="java.class.version" value="55.0"/>
  </properties>
  <testcase name="loadModel" classname="lu.snt.tests.SocratesParsingTest" time="0.001"/>
</testsuite>